c:\users\babos\shahprojects\shahterminal\build\shah_gui.dir\release\main.obj
c:\users\babos\shahprojects\shahterminal\build\shah_gui.dir\release\trademanager.obj
c:\users\babos\shahprojects\shahterminal\build\shah_gui.dir\release\mainwindow.obj
c:\users\babos\shahprojects\shahterminal\build\shah_gui.dir\release\connectionswindow.obj
c:\users\babos\shahprojects\shahterminal\build\shah_gui.dir\release\mocs_compilation_release.obj
c:\users\babos\shahprojects\shahterminal\build\shah_gui.dir\release\ladderclient.obj
c:\users\babos\shahprojects\shahterminal\build\shah_gui.dir\release\domwidget.obj
c:\users\babos\shahprojects\shahterminal\build\shah_gui.dir\release\connectionstore.obj
c:\users\babos\shahprojects\shahterminal\build\shah_gui.dir\release\printswidget.obj
c:\users\babos\shahprojects\shahterminal\build\shah_gui.dir\release\settingswindow.obj
c:\users\babos\shahprojects\shahterminal\build\shah_gui.dir\release\pluginswindow.obj
c:\users\babos\shahprojects\shahterminal\build\cmakefiles\generate.stamp
c:\users\babos\shahprojects\shahterminal\build\shah_gui.dir\release\shah_gui.tlog\cl.command.1.tlog
c:\users\babos\shahprojects\shahterminal\build\shah_gui.dir\release\shah_gui.tlog\cl.items.tlog
c:\users\babos\shahprojects\shahterminal\build\shah_gui.dir\release\shah_gui.tlog\cl.read.1.tlog
c:\users\babos\shahprojects\shahterminal\build\shah_gui.dir\release\shah_gui.tlog\cl.write.1.tlog
c:\users\babos\shahprojects\shahterminal\build\shah_gui.dir\release\shah_gui.tlog\custombuild.command.1.tlog
c:\users\babos\shahprojects\shahterminal\build\shah_gui.dir\release\shah_gui.tlog\custombuild.read.1.tlog
c:\users\babos\shahprojects\shahterminal\build\shah_gui.dir\release\shah_gui.tlog\custombuild.write.1.tlog
c:\users\babos\shahprojects\shahterminal\build\shah_gui.dir\release\shah_gui.tlog\link-cvtres.read.1.tlog
c:\users\babos\shahprojects\shahterminal\build\shah_gui.dir\release\shah_gui.tlog\link-cvtres.write.1.tlog
c:\users\babos\shahprojects\shahterminal\build\shah_gui.dir\release\shah_gui.tlog\link-rc.read.1.tlog
c:\users\babos\shahprojects\shahterminal\build\shah_gui.dir\release\shah_gui.tlog\link-rc.write.1.tlog
c:\users\babos\shahprojects\shahterminal\build\shah_gui.dir\release\shah_gui.tlog\link.command.1.tlog
c:\users\babos\shahprojects\shahterminal\build\shah_gui.dir\release\shah_gui.tlog\link.read.1.tlog
c:\users\babos\shahprojects\shahterminal\build\shah_gui.dir\release\shah_gui.tlog\link.secondary.1.tlog
c:\users\babos\shahprojects\shahterminal\build\shah_gui.dir\release\shah_gui.tlog\link.write.1.tlog
